<?xml version="1.0" encoding="UTF-8"?>
<testng-results ignored="1" total="2" passed="1" failed="0" skipped="0">
  <reporter-output>
  </reporter-output>
  <suite started-at="2023-01-02T17:44:13 IST" name="Default suite" finished-at="2023-01-02T17:44:31 IST" duration-ms="18235">
    <groups>
    </groups>
    <test started-at="2023-01-02T17:44:13 IST" name="Default test" finished-at="2023-01-02T17:44:31 IST" duration-ms="18235">
      <class name="Demo.Demo2">
        <test-method is-config="true" signature="setUp2()[pri:0, instance:Demo.Demo2@bae7dc0]" started-at="2023-01-02T17:44:13 IST" name="setUp2" finished-at="2023-01-02T17:44:17 IST" duration-ms="4241" status="PASS">
          <reporter-output>
          </reporter-output>
        </test-method> <!-- setUp2 -->
        <test-method signature="verifytest2()[pri:0, instance:Demo.Demo2@bae7dc0]" started-at="2023-01-02T17:44:17 IST" name="verifytest2" finished-at="2023-01-02T17:44:31 IST" duration-ms="13233" status="PASS">
          <reporter-output>
          </reporter-output>
        </test-method> <!-- verifytest2 -->
        <test-method is-config="true" signature="tearDown()[pri:0, instance:Demo.Demo2@bae7dc0]" started-at="2023-01-02T17:44:31 IST" name="tearDown" finished-at="2023-01-02T17:44:31 IST" duration-ms="679" status="PASS">
          <reporter-output>
          </reporter-output>
        </test-method> <!-- tearDown -->
      </class> <!-- Demo.Demo2 -->
    </test> <!-- Default test -->
  </suite> <!-- Default suite -->
</testng-results>
